// Spring Shell 1.2.0.RELEASE log opened at 2017-03-27 10:44:18
// Spring Shell 1.2.0.RELEASE log opened at 2017-03-27 10:45:26
// Spring Shell 1.2.0.RELEASE log opened at 2017-03-27 10:48:10
// Spring Shell 1.2.0.RELEASE log opened at 2017-03-27 10:51:43
// Spring Shell 1.2.0.RELEASE log opened at 2017-03-27 10:53:00
// Spring Shell 1.2.0.RELEASE log opened at 2017-03-27 11:04:00
// Spring Shell 1.2.0.RELEASE log opened at 2017-03-27 11:04:52
// Spring Shell 1.2.0.RELEASE log opened at 2017-03-27 11:05:27
// Spring Shell 1.2.0.RELEASE log opened at 2017-03-27 11:15:52
// Spring Shell 1.2.0.RELEASE log opened at 2017-03-27 18:51:03
// Spring Shell 1.2.0.RELEASE log opened at 2017-03-27 18:56:19
// null 1.2.0.RELEASE log opened at 2017-03-27 18:56:33
help
// null 1.2.0.RELEASE log opened at 2017-03-27 18:56:43
help
// null 1.2.0.RELEASE log opened at 2017-03-30 11:11:05
date
// Spring Shell 1.2.0.RELEASE log opened at 2017-03-30 13:32:31
// Spring Shell 1.2.0.RELEASE log opened at 2017-03-30 13:35:21
// Spring Shell 1.2.0.RELEASE log opened at 2017-03-30 13:36:10
// Spring Shell 1.2.0.RELEASE log opened at 2017-03-30 13:36:19
// null 1.2.0.RELEASE log opened at 2017-03-30 13:37:08
help
// Spring Shell 1.2.0.RELEASE log opened at 2017-03-30 13:39:32
// Spring Shell 1.2.0.RELEASE log opened at 2017-03-30 13:40:08
// Spring Shell 1.2.0.RELEASE log opened at 2017-03-30 14:26:58
// Spring Shell 1.2.0.RELEASE log opened at 2017-03-30 14:29:21
help
hello
// null 1.2.0.RELEASE log opened at 2017-03-30 14:30:47
hello
// null 1.2.0.RELEASE log opened at 2017-03-30 14:31:20
hello
// null 1.2.0.RELEASE log opened at 2017-03-30 14:32:58
hello
// null 1.2.0.RELEASE log opened at 2017-03-30 14:33:19
hello
hello
// Spring Shell 1.2.0.RELEASE log opened at 2017-03-30 14:43:55
mvnsh hello
mvnsh hello help
help
// Spring Shell 1.2.0.RELEASE log opened at 2017-03-30 14:45:29
mvnsh hello
// Spring Shell 1.2.0.RELEASE log opened at 2017-03-30 15:10:09
help
mvnsh hello
// Spring Shell 1.2.0.RELEASE log opened at 2017-03-30 15:10:39
help
mvnsh hello
// Spring Shell 1.2.0.RELEASE log opened at 2017-03-30 19:47:17
mvnsh hello
// null 1.2.0.RELEASE log opened at 2017-03-30 19:47:51
mvnsh hello
// null 1.2.0.RELEASE log opened at 2017-03-31 00:24:12
mvnsh hello
// null 1.2.0.RELEASE log opened at 2017-03-31 00:24:20
mvnsh hello
// Spring Shell 1.2.0.RELEASE log opened at 2017-03-31 00:24:23
help
mvnsh search --artifact butterknife
// Spring Shell 1.2.0.RELEASE log opened at 2017-03-31 00:25:36
mvnsh search butterknife
// Spring Shell 1.2.0.RELEASE log opened at 2017-03-31 00:27:23
// Spring Shell 1.2.0.RELEASE log opened at 2017-03-31 00:27:25
// Spring Shell 1.2.0.RELEASE log opened at 2017-03-31 00:41:22
// Spring Shell 1.2.0.RELEASE log opened at 2017-03-31 00:43:53
// [failed] mvnsh a
// Spring Shell 1.2.0.RELEASE log opened at 2017-03-31 00:49:36
mvnsh a
mvnsh hello
mvnhello
mvnsh a
mvnsh a
